  stdafx.cpp
  Parallel.cpp
Parallel.cpp(87): warning C4996: 'fopen': This function or variable may be unsafe. Consider using fopen_s instead. To disable deprecation, use _CRT_SECURE_NO_WARNINGS. See online help for details.
  C:\Program Files (x86)\Windows Kits\10\Include\10.0.10240.0\ucrt\stdio.h(205): note: see declaration of 'fopen'
Parallel.cpp(189): warning C4996: 'strcat': This function or variable may be unsafe. Consider using strcat_s instead. To disable deprecation, use _CRT_SECURE_NO_WARNINGS. See online help for details.
  C:\Program Files (x86)\Windows Kits\10\Include\10.0.10240.0\ucrt\string.h(90): note: see declaration of 'strcat'
Parallel.cpp(181): warning C4996: 'fopen': This function or variable may be unsafe. Consider using fopen_s instead. To disable deprecation, use _CRT_SECURE_NO_WARNINGS. See online help for details.
  C:\Program Files (x86)\Windows Kits\10\Include\10.0.10240.0\ucrt\stdio.h(205): note: see declaration of 'fopen'
Parallel.cpp(182): warning C4996: 'fscanf': This function or variable may be unsafe. Consider using fscanf_s instead. To disable deprecation, use _CRT_SECURE_NO_WARNINGS. See online help for details.
  C:\Program Files (x86)\Windows Kits\10\Include\10.0.10240.0\ucrt\stdio.h(1193): note: see declaration of 'fscanf'
Parallel.cpp(188): warning C4996: 'fscanf': This function or variable may be unsafe. Consider using fscanf_s instead. To disable deprecation, use _CRT_SECURE_NO_WARNINGS. See online help for details.
  C:\Program Files (x86)\Windows Kits\10\Include\10.0.10240.0\ucrt\stdio.h(1193): note: see declaration of 'fscanf'
Parallel.cpp(275): warning C4477: 'printf' : format string '%d' requires an argument of type 'int', but variadic argument 1 has type 'time_t'
  Parallel.cpp(275): note: consider using '%lld' in the format string
  Parallel.cpp(275): note: consider using '%Id' in the format string
  Parallel.cpp(275): note: consider using '%I64d' in the format string
  Generating code
  All 19 functions were compiled because no usable IPDB/IOBJ from previous compilation was found.
  Finished generating code
  Parallel.vcxproj -> C:\Users\samsung\Desktop\Parallel\x64\Release\Parallel.exe
  Parallel.vcxproj -> C:\Users\samsung\Desktop\Parallel\x64\Release\Parallel.pdb (Full PDB)
